.next/dev/types/validator.ts(171,31): error TS2344: Type 'typeof import("D:/Armour Studios/Nameless Esports/Website/app/api/tournaments/[slug]/route")' does not satisfy the constraint 'RouteHandlerConfig<"/api/tournaments/[slug]">'.
  Types of property 'GET' are incompatible.
    Type '(request: Request, { params }: { params: { slug: string; }; }) => Promise<NextResponse<{ success: boolean; error: string; }> | NextResponse<{ success: boolean; data: any; }>>' is not assignable to type '(request: NextRequest, context: { params: Promise<{ slug: string; }>; }) => void | Response | Promise<void | Response>'.
      Types of parameters '__1' and 'context' are incompatible.
        Type '{ params: Promise<{ slug: string; }>; }' is not assignable to type '{ params: { slug: string; }; }'.
          Types of property 'params' are incompatible.
            Property 'slug' is missing in type 'Promise<{ slug: string; }>' but required in type '{ slug: string; }'.
.next/types/validator.ts(171,31): error TS2344: Type 'typeof import("D:/Armour Studios/Nameless Esports/Website/app/api/tournaments/[slug]/route")' does not satisfy the constraint 'RouteHandlerConfig<"/api/tournaments/[slug]">'.
  Types of property 'GET' are incompatible.
    Type '(request: Request, { params }: { params: { slug: string; }; }) => Promise<NextResponse<{ success: boolean; error: string; }> | NextResponse<{ success: boolean; data: any; }>>' is not assignable to type '(request: NextRequest, context: { params: Promise<{ slug: string; }>; }) => void | Response | Promise<void | Response>'.
      Types of parameters '__1' and 'context' are incompatible.
        Type '{ params: Promise<{ slug: string; }>; }' is not assignable to type '{ params: { slug: string; }; }'.
          Types of property 'params' are incompatible.
            Property 'slug' is missing in type 'Promise<{ slug: string; }>' but required in type '{ slug: string; }'.
